<?xml version="1.0" encoding="UTF-8"?>
<!-- Generated by org.testng.reporters.JUnitXMLReporter -->
<testsuite ignored="0" hostname="DESKTOP-98PBATV" failures="0" tests="6" name="ChromeBrowser Testing" time="16.474" errors="0" timestamp="2022-05-13T01:07:04 IST">
  <testcase classname="CrossBrowser.AllBrowsers" name="crossbrowserTesting" time="15.743"/>
  <testcase classname="CrossBrowser.AllBrowsers" name="VerifyCurrentUrl" time="0.023"/>
  <testcase classname="CrossBrowser.AllBrowsers" name="VerifyPageTitle" time="0.018"/>
  <testcase classname="CrossBrowser.AllBrowsers" name="VerifyUsernameField" time="0.307"/>
  <testcase classname="CrossBrowser.AllBrowsers" name="VerifyPasswordField" time="0.202"/>
  <testcase classname="CrossBrowser.AllBrowsers" name="ClickLoginButton" time="0.103"/>
</testsuite> <!-- ChromeBrowser Testing -->
