<?xml version="1.0" encoding="UTF-8"?>
<!-- Generated by org.testng.reporters.JUnitXMLReporter -->
<testsuite ignored="6" hostname="DESKTOP-98PBATV" failures="0" tests="3" name="Smoke Test" time="0.1" errors="0" timestamp="2022-05-06T13:07:48 IST">
  <testcase classname="KeyWordGrouping.TestCase1" name="Test1" time="0.009"/>
  <testcase classname="KeyWordGrouping.TestCase2" name="Test4" time="0.002"/>
  <testcase classname="KeyWordGrouping.TestCase3" name="Test7" time="0.004"/>
  <testcase classname="KeyWordGrouping.TestCase1" name="Test3" time="0.0">
    <ignored/>
  </testcase> <!-- Test3 -->
  <testcase classname="KeyWordGrouping.TestCase2" name="Test6" time="0.0">
    <ignored/>
  </testcase> <!-- Test6 -->
  <testcase classname="KeyWordGrouping.TestCase3" name="Test8" time="0.0">
    <ignored/>
  </testcase> <!-- Test8 -->
  <testcase classname="KeyWordGrouping.TestCase1" name="Test2" time="0.0">
    <ignored/>
  </testcase> <!-- Test2 -->
  <testcase classname="KeyWordGrouping.TestCase2" name="Test5" time="0.0">
    <ignored/>
  </testcase> <!-- Test5 -->
  <testcase classname="KeyWordGrouping.TestCase3" name="Test9" time="0.0">
    <ignored/>
  </testcase> <!-- Test9 -->
</testsuite> <!-- Smoke Test -->
